[LAVALINK] Node error on main: AggregateError [ECONNREFUSED]: 
    at internalConnectMultiple (node:net:1142:49)
    at afterConnectMultiple (node:net:1723:7) {
  code: 'ECONNREFUSED',
  [errors]: [
    Error: connect ECONNREFUSED ::1:2333
        at createConnectionError (node:net:1686:14)
        at afterConnectMultiple (node:net:1716:16) {
      errno: -4078,
      code: 'ECONNREFUSED',
      syscall: 'connect',
      address: '::1',
      port: 2333
    },
    Error: connect ECONNREFUSED 127.0.0.1:2333
        at createConnectionError (node:net:1686:14)
        at afterConnectMultiple (node:net:1716:16) {
      errno: -4078,
      code: 'ECONNREFUSED',
      syscall: 'connect',
      address: '127.0.0.1',
      port: 2333
    }
  ]
}
[LAVALINK] Disconnected: main Socket got terminated due to no ping connection
[LAVALINK] Node error on main: AggregateError [ECONNREFUSED]: 
    at internalConnectMultiple (node:net:1142:49)
    at afterConnectMultiple (node:net:1723:7) {
  code: 'ECONNREFUSED',
  [errors]: [
    Error: connect ECONNREFUSED ::1:2333
        at createConnectionError (node:net:1686:14)
        at afterConnectMultiple (node:net:1716:16) {
      errno: -4078,
      code: 'ECONNREFUSED',
      syscall: 'connect',
      address: '::1',
      port: 2333
    },
    Error: connect ECONNREFUSED 127.0.0.1:2333
        at createConnectionError (node:net:1686:14)
        at afterConnectMultiple (node:net:1716:16) {
      errno: -4078,
      code: 'ECONNREFUSED',
      syscall: 'connect',
      address: '127.0.0.1',
      port: 2333
    }
  ]
}
[LAVALINK] Disconnected: main Socket got terminated due to no ping connection
[LAVALINK] Node error on main: AggregateError [ECONNREFUSED]: 
    at internalConnectMultiple (node:net:1142:49)
    at afterConnectMultiple (node:net:1723:7) {
  code: 'ECONNREFUSED',
  [errors]: [
    Error: connect ECONNREFUSED ::1:2333
        at createConnectionError (node:net:1686:14)
        at afterConnectMultiple (node:net:1716:16) {
      errno: -4078,
      code: 'ECONNREFUSED',
      syscall: 'connect',
      address: '::1',
      port: 2333
    },
    Error: connect ECONNREFUSED 127.0.0.1:2333
        at createConnectionError (node:net:1686:14)
        at afterConnectMultiple (node:net:1716:16) {
      errno: -4078,
      code: 'ECONNREFUSED',
      syscall: 'connect',
      address: '127.0.0.1',
      port: 2333
    }
  ]
}
[LAVALINK] Disconnected: main Socket got terminated due to no ping connection
[LAVALINK] Node error on main: AggregateError [ECONNREFUSED]: 
    at internalConnectMultiple (node:net:1142:49)
    at afterConnectMultiple (node:net:1723:7) {
  code: 'ECONNREFUSED',
  [errors]: [
    Error: connect ECONNREFUSED ::1:2333
        at createConnectionError (node:net:1686:14)
        at afterConnectMultiple (node:net:1716:16) {
      errno: -4078,
      code: 'ECONNREFUSED',
      syscall: 'connect',
      address: '::1',
      port: 2333
    },
    Error: connect ECONNREFUSED 127.0.0.1:2333
        at createConnectionError (node:net:1686:14)
        at afterConnectMultiple (node:net:1716:16) {
      errno: -4078,
      code: 'ECONNREFUSED',
      syscall: 'connect',
      address: '127.0.0.1',
      port: 2333
    }
  ]
}
[LAVALINK] Disconnected: main Socket got terminated due to no ping connection
[BOT] Lavalink is not reachable at localhost:2333. Bot commands will stay offline until the node is running.
[LAVALINK] Node error on main: AggregateError [ECONNREFUSED]: 
    at internalConnectMultiple (node:net:1142:49)
    at afterConnectMultiple (node:net:1723:7) {
  code: 'ECONNREFUSED',
  [errors]: [
    Error: connect ECONNREFUSED ::1:2333
        at createConnectionError (node:net:1686:14)
        at afterConnectMultiple (node:net:1716:16) {
      errno: -4078,
      code: 'ECONNREFUSED',
      syscall: 'connect',
      address: '::1',
      port: 2333
    },
    Error: connect ECONNREFUSED 127.0.0.1:2333
        at createConnectionError (node:net:1686:14)
        at afterConnectMultiple (node:net:1716:16) {
      errno: -4078,
      code: 'ECONNREFUSED',
      syscall: 'connect',
      address: '127.0.0.1',
      port: 2333
    }
  ]
}
[LAVALINK] Disconnected: main Socket got terminated due to no ping connection
[LAVALINK] Node error on main: AggregateError [ECONNREFUSED]: 
    at internalConnectMultiple (node:net:1142:49)
    at afterConnectMultiple (node:net:1723:7) {
  code: 'ECONNREFUSED',
  [errors]: [
    Error: connect ECONNREFUSED ::1:2333
        at createConnectionError (node:net:1686:14)
        at afterConnectMultiple (node:net:1716:16) {
      errno: -4078,
      code: 'ECONNREFUSED',
      syscall: 'connect',
      address: '::1',
      port: 2333
    },
    Error: connect ECONNREFUSED 127.0.0.1:2333
        at createConnectionError (node:net:1686:14)
        at afterConnectMultiple (node:net:1716:16) {
      errno: -4078,
      code: 'ECONNREFUSED',
      syscall: 'connect',
      address: '127.0.0.1',
      port: 2333
    }
  ]
}
[LAVALINK] Disconnected: main Socket got terminated due to no ping connection
[LAVALINK] Node error on main: AggregateError [ECONNREFUSED]: 
    at internalConnectMultiple (node:net:1142:49)
    at afterConnectMultiple (node:net:1723:7) {
  code: 'ECONNREFUSED',
  [errors]: [
    Error: connect ECONNREFUSED ::1:2333
        at createConnectionError (node:net:1686:14)
        at afterConnectMultiple (node:net:1716:16) {
      errno: -4078,
      code: 'ECONNREFUSED',
      syscall: 'connect',
      address: '::1',
      port: 2333
    },
    Error: connect ECONNREFUSED 127.0.0.1:2333
        at createConnectionError (node:net:1686:14)
        at afterConnectMultiple (node:net:1716:16) {
      errno: -4078,
      code: 'ECONNREFUSED',
      syscall: 'connect',
      address: '127.0.0.1',
      port: 2333
    }
  ]
}
[LAVALINK] Disconnected: main Socket got terminated due to no ping connection
[LAVALINK] Node error on main: AggregateError [ECONNREFUSED]: 
    at internalConnectMultiple (node:net:1142:49)
    at afterConnectMultiple (node:net:1723:7) {
  code: 'ECONNREFUSED',
  [errors]: [
    Error: connect ECONNREFUSED ::1:2333
        at createConnectionError (node:net:1686:14)
        at afterConnectMultiple (node:net:1716:16) {
      errno: -4078,
      code: 'ECONNREFUSED',
      syscall: 'connect',
      address: '::1',
      port: 2333
    },
    Error: connect ECONNREFUSED 127.0.0.1:2333
        at createConnectionError (node:net:1686:14)
        at afterConnectMultiple (node:net:1716:16) {
      errno: -4078,
      code: 'ECONNREFUSED',
      syscall: 'connect',
      address: '127.0.0.1',
      port: 2333
    }
  ]
}
[LAVALINK] Disconnected: main Socket got terminated due to no ping connection
[LAVALINK] Node error on main: AggregateError [ECONNREFUSED]: 
    at internalConnectMultiple (node:net:1142:49)
    at afterConnectMultiple (node:net:1723:7) {
  code: 'ECONNREFUSED',
  [errors]: [
    Error: connect ECONNREFUSED ::1:2333
        at createConnectionError (node:net:1686:14)
        at afterConnectMultiple (node:net:1716:16) {
      errno: -4078,
      code: 'ECONNREFUSED',
      syscall: 'connect',
      address: '::1',
      port: 2333
    },
    Error: connect ECONNREFUSED 127.0.0.1:2333
        at createConnectionError (node:net:1686:14)
        at afterConnectMultiple (node:net:1716:16) {
      errno: -4078,
      code: 'ECONNREFUSED',
      syscall: 'connect',
      address: '127.0.0.1',
      port: 2333
    }
  ]
}
[LAVALINK] Disconnected: main Socket got terminated due to no ping connection
[LAVALINK] Node error on main: AggregateError [ECONNREFUSED]: 
    at internalConnectMultiple (node:net:1142:49)
    at afterConnectMultiple (node:net:1723:7) {
  code: 'ECONNREFUSED',
  [errors]: [
    Error: connect ECONNREFUSED ::1:2333
        at createConnectionError (node:net:1686:14)
        at afterConnectMultiple (node:net:1716:16) {
      errno: -4078,
      code: 'ECONNREFUSED',
      syscall: 'connect',
      address: '::1',
      port: 2333
    },
    Error: connect ECONNREFUSED 127.0.0.1:2333
        at createConnectionError (node:net:1686:14)
        at afterConnectMultiple (node:net:1716:16) {
      errno: -4078,
      code: 'ECONNREFUSED',
      syscall: 'connect',
      address: '127.0.0.1',
      port: 2333
    }
  ]
}
[LAVALINK] Disconnected: main Socket got terminated due to no ping connection
[LAVALINK] Node error on main: AggregateError [ECONNREFUSED]: 
    at internalConnectMultiple (node:net:1142:49)
    at afterConnectMultiple (node:net:1723:7) {
  code: 'ECONNREFUSED',
  [errors]: [
    Error: connect ECONNREFUSED ::1:2333
        at createConnectionError (node:net:1686:14)
        at afterConnectMultiple (node:net:1716:16) {
      errno: -4078,
      code: 'ECONNREFUSED',
      syscall: 'connect',
      address: '::1',
      port: 2333
    },
    Error: connect ECONNREFUSED 127.0.0.1:2333
        at createConnectionError (node:net:1686:14)
        at afterConnectMultiple (node:net:1716:16) {
      errno: -4078,
      code: 'ECONNREFUSED',
      syscall: 'connect',
      address: '127.0.0.1',
      port: 2333
    }
  ]
}
[LAVALINK] Disconnected: main Socket got terminated due to no ping connection
[LAVALINK] Node error on main: AggregateError [ECONNREFUSED]: 
    at internalConnectMultiple (node:net:1142:49)
    at afterConnectMultiple (node:net:1723:7) {
  code: 'ECONNREFUSED',
  [errors]: [
    Error: connect ECONNREFUSED ::1:2333
        at createConnectionError (node:net:1686:14)
        at afterConnectMultiple (node:net:1716:16) {
      errno: -4078,
      code: 'ECONNREFUSED',
      syscall: 'connect',
      address: '::1',
      port: 2333
    },
    Error: connect ECONNREFUSED 127.0.0.1:2333
        at createConnectionError (node:net:1686:14)
        at afterConnectMultiple (node:net:1716:16) {
      errno: -4078,
      code: 'ECONNREFUSED',
      syscall: 'connect',
      address: '127.0.0.1',
      port: 2333
    }
  ]
}
[LAVALINK] Disconnected: main Socket got terminated due to no ping connection
[LAVALINK] Node error on main: AggregateError [ECONNREFUSED]: 
    at internalConnectMultiple (node:net:1142:49)
    at afterConnectMultiple (node:net:1723:7) {
  code: 'ECONNREFUSED',
  [errors]: [
    Error: connect ECONNREFUSED ::1:2333
        at createConnectionError (node:net:1686:14)
        at afterConnectMultiple (node:net:1716:16) {
      errno: -4078,
      code: 'ECONNREFUSED',
      syscall: 'connect',
      address: '::1',
      port: 2333
    },
    Error: connect ECONNREFUSED 127.0.0.1:2333
        at createConnectionError (node:net:1686:14)
        at afterConnectMultiple (node:net:1716:16) {
      errno: -4078,
      code: 'ECONNREFUSED',
      syscall: 'connect',
      address: '127.0.0.1',
      port: 2333
    }
  ]
}
[LAVALINK] Disconnected: main Socket got terminated due to no ping connection
[LAVALINK] Node error on main: AggregateError [ECONNREFUSED]: 
    at internalConnectMultiple (node:net:1142:49)
    at afterConnectMultiple (node:net:1723:7) {
  code: 'ECONNREFUSED',
  [errors]: [
    Error: connect ECONNREFUSED ::1:2333
        at createConnectionError (node:net:1686:14)
        at afterConnectMultiple (node:net:1716:16) {
      errno: -4078,
      code: 'ECONNREFUSED',
      syscall: 'connect',
      address: '::1',
      port: 2333
    },
    Error: connect ECONNREFUSED 127.0.0.1:2333
        at createConnectionError (node:net:1686:14)
        at afterConnectMultiple (node:net:1716:16) {
      errno: -4078,
      code: 'ECONNREFUSED',
      syscall: 'connect',
      address: '127.0.0.1',
      port: 2333
    }
  ]
}
[LAVALINK] Disconnected: main Socket got terminated due to no ping connection
[LAVALINK] Node error on main: AggregateError [ECONNREFUSED]: 
    at internalConnectMultiple (node:net:1142:49)
    at afterConnectMultiple (node:net:1723:7) {
  code: 'ECONNREFUSED',
  [errors]: [
    Error: connect ECONNREFUSED ::1:2333
        at createConnectionError (node:net:1686:14)
        at afterConnectMultiple (node:net:1716:16) {
      errno: -4078,
      code: 'ECONNREFUSED',
      syscall: 'connect',
      address: '::1',
      port: 2333
    },
    Error: connect ECONNREFUSED 127.0.0.1:2333
        at createConnectionError (node:net:1686:14)
        at afterConnectMultiple (node:net:1716:16) {
      errno: -4078,
      code: 'ECONNREFUSED',
      syscall: 'connect',
      address: '127.0.0.1',
      port: 2333
    }
  ]
}
[LAVALINK] Disconnected: main Socket got terminated due to no ping connection
[LAVALINK] Node error on main: AggregateError [ECONNREFUSED]: 
    at internalConnectMultiple (node:net:1142:49)
    at afterConnectMultiple (node:net:1723:7) {
  code: 'ECONNREFUSED',
  [errors]: [
    Error: connect ECONNREFUSED ::1:2333
        at createConnectionError (node:net:1686:14)
        at afterConnectMultiple (node:net:1716:16) {
      errno: -4078,
      code: 'ECONNREFUSED',
      syscall: 'connect',
      address: '::1',
      port: 2333
    },
    Error: connect ECONNREFUSED 127.0.0.1:2333
        at createConnectionError (node:net:1686:14)
        at afterConnectMultiple (node:net:1716:16) {
      errno: -4078,
      code: 'ECONNREFUSED',
      syscall: 'connect',
      address: '127.0.0.1',
      port: 2333
    }
  ]
}
[LAVALINK] Disconnected: main Socket got terminated due to no ping connection
[LAVALINK] Node error on main: AggregateError [ECONNREFUSED]: 
    at internalConnectMultiple (node:net:1142:49)
    at afterConnectMultiple (node:net:1723:7) {
  code: 'ECONNREFUSED',
  [errors]: [
    Error: connect ECONNREFUSED ::1:2333
        at createConnectionError (node:net:1686:14)
        at afterConnectMultiple (node:net:1716:16) {
      errno: -4078,
      code: 'ECONNREFUSED',
      syscall: 'connect',
      address: '::1',
      port: 2333
    },
    Error: connect ECONNREFUSED 127.0.0.1:2333
        at createConnectionError (node:net:1686:14)
        at afterConnectMultiple (node:net:1716:16) {
      errno: -4078,
      code: 'ECONNREFUSED',
      syscall: 'connect',
      address: '127.0.0.1',
      port: 2333
    }
  ]
}
[LAVALINK] Disconnected: main Socket got terminated due to no ping connection
(node:29000) Warning: Supplying "ephemeral" for interaction response options is deprecated. Utilize flags instead.
(Use `node --trace-warnings ...` to show where the warning was created)
[LAVALINK] Disconnected: main Socket got terminated due to no ping connection
